2024-12-04 09:06:34,092 - INFO - * Bandas en uso: 4
2024-12-04 09:06:34,966 - INFO - * Train set size: 118316
2024-12-04 09:06:34,966 - INFO - * Validation set size: 14789
2024-12-04 09:06:34,966 - INFO - * Test set size: 14791
2024-12-04 09:06:34,967 - INFO - * Number of classes: 24
2024-12-04 10:05:48,969 - INFO - * Epoch 0, Train loss: 2.1502, Acc: 0.3358, Val. loss: 1.9130, Acc: 0.4063
2024-12-04 10:05:48,969 - INFO -   saving best model with acc 0.40633099357201263 at 0 epoch!
2024-12-04 11:05:07,699 - INFO - * Epoch 1, Train loss: 1.6970, Acc: 0.4652, Val. loss: 1.5146, Acc: 0.5190
2024-12-04 11:05:07,699 - INFO -   saving best model with acc 0.5189794816929629 at 1 epoch!
2024-12-04 12:04:32,887 - INFO - * Epoch 2, Train loss: 1.4123, Acc: 0.5449, Val. loss: 1.3080, Acc: 0.5873
2024-12-04 12:04:32,888 - INFO -   saving best model with acc 0.587284017330112 at 2 epoch!
2024-12-04 13:03:57,962 - INFO - * Epoch 3, Train loss: 1.2301, Acc: 0.5970, Val. loss: 1.1401, Acc: 0.6322
2024-12-04 13:03:57,963 - INFO -   saving best model with acc 0.632167926617369 at 3 epoch!
2024-12-04 14:03:23,104 - INFO - * Epoch 4, Train loss: 1.0953, Acc: 0.6395, Val. loss: 1.0452, Acc: 0.6582
2024-12-04 14:03:23,105 - INFO -   saving best model with acc 0.6581938445053142 at 4 epoch!
2024-12-04 15:02:45,933 - INFO - * Epoch 5, Train loss: 0.9828, Acc: 0.6742, Val. loss: 0.9394, Acc: 0.6947
2024-12-04 15:02:45,934 - INFO -   saving best model with acc 0.694735421217801 at 5 epoch!
2024-12-04 16:02:03,698 - INFO - * Epoch 6, Train loss: 0.8889, Acc: 0.7025, Val. loss: 0.8763, Acc: 0.7091
2024-12-04 16:02:03,698 - INFO -   saving best model with acc 0.7091387689242352 at 6 epoch!
2024-12-04 17:01:27,612 - INFO - * Epoch 7, Train loss: 0.8114, Acc: 0.7269, Val. loss: 0.8117, Acc: 0.7234
2024-12-04 17:01:27,613 - INFO -   saving best model with acc 0.7234206264013863 at 7 epoch!
2024-12-04 18:00:52,602 - INFO - * Epoch 8, Train loss: 0.7471, Acc: 0.7472, Val. loss: 0.7757, Acc: 0.7406
2024-12-04 18:00:52,603 - INFO -   saving best model with acc 0.7405912527255312 at 8 epoch!
2024-12-04 19:00:11,593 - INFO - * Epoch 9, Train loss: 0.6873, Acc: 0.7683, Val. loss: 0.7243, Acc: 0.7571
2024-12-04 19:00:11,593 - INFO -   saving best model with acc 0.7571004320169371 at 9 epoch!
2024-12-04 19:59:31,230 - INFO - * Epoch 10, Train loss: 0.6324, Acc: 0.7844, Val. loss: 0.6911, Acc: 0.7685
2024-12-04 19:59:31,230 - INFO -   saving best model with acc 0.7684665227039329 at 10 epoch!
2024-12-04 20:58:52,953 - INFO - * Epoch 11, Train loss: 0.5880, Acc: 0.8002, Val. loss: 0.6784, Acc: 0.7722
2024-12-04 20:58:52,954 - INFO -   saving best model with acc 0.772246220328123 at 11 epoch!
2024-12-04 21:58:11,607 - INFO - * Epoch 12, Train loss: 0.5441, Acc: 0.8129, Val. loss: 0.6873, Acc: 0.7748
2024-12-04 21:58:11,607 - INFO -   saving best model with acc 0.7748110151445377 at 12 epoch!
2024-12-04 22:57:32,632 - INFO - * Epoch 13, Train loss: 0.5059, Acc: 0.8255, Val. loss: 0.6589, Acc: 0.7831
2024-12-04 22:57:32,633 - INFO -   saving best model with acc 0.7830723542116631 at 13 epoch!
2024-12-04 23:56:54,235 - INFO - * Epoch 14, Train loss: 0.4680, Acc: 0.8389, Val. loss: 0.6748, Acc: 0.7772
2024-12-05 00:56:16,283 - INFO - * Epoch 15, Train loss: 0.4323, Acc: 0.8494, Val. loss: 0.6958, Acc: 0.7719
2024-12-05 01:55:44,203 - INFO - * Epoch 16, Train loss: 0.3974, Acc: 0.8609, Val. loss: 0.6478, Acc: 0.7894
2024-12-05 01:55:44,204 - INFO -   saving best model with acc 0.7893628510234165 at 16 epoch!
2024-12-05 02:55:08,799 - INFO - * Epoch 17, Train loss: 0.3666, Acc: 0.8712, Val. loss: 0.6875, Acc: 0.7830
2024-12-05 03:54:34,990 - INFO - * Epoch 18, Train loss: 0.3376, Acc: 0.8814, Val. loss: 0.6987, Acc: 0.7853
2024-12-05 04:53:58,322 - INFO - * Epoch 19, Train loss: 0.3115, Acc: 0.8900, Val. loss: 0.7242, Acc: 0.7800
2024-12-05 05:53:19,764 - INFO - * Epoch 20, Train loss: 0.2919, Acc: 0.8976, Val. loss: 0.7539, Acc: 0.7764
2024-12-05 06:52:45,776 - INFO - * Epoch 21, Train loss: 0.2699, Acc: 0.9049, Val. loss: 0.7301, Acc: 0.7828
2024-12-05 07:52:15,206 - INFO - * Epoch 22, Train loss: 0.2555, Acc: 0.9095, Val. loss: 0.7694, Acc: 0.7813
2024-12-05 08:51:46,338 - INFO - * Epoch 23, Train loss: 0.2417, Acc: 0.9144, Val. loss: 0.7746, Acc: 0.7789
2024-12-05 09:51:14,014 - INFO - * Epoch 24, Train loss: 0.2296, Acc: 0.9189, Val. loss: 0.7654, Acc: 0.7857
2024-12-05 10:50:35,809 - INFO - * Epoch 25, Train loss: 0.2205, Acc: 0.9219, Val. loss: 0.8260, Acc: 0.7781
2024-12-05 11:49:59,211 - INFO - * Epoch 26, Train loss: 0.2144, Acc: 0.9238, Val. loss: 0.7941, Acc: 0.7837
2024-12-05 12:49:24,617 - INFO - * Epoch 27, Train loss: 0.2051, Acc: 0.9280, Val. loss: 0.8429, Acc: 0.7811
2024-12-05 13:48:51,844 - INFO - * Epoch 28, Train loss: 0.2027, Acc: 0.9280, Val. loss: 0.8069, Acc: 0.7847
2024-12-05 14:48:19,278 - INFO - * Epoch 29, Train loss: 0.1968, Acc: 0.9302, Val. loss: 0.8548, Acc: 0.7821
2024-12-05 15:47:45,304 - INFO - * Epoch 30, Train loss: 0.1943, Acc: 0.9309, Val. loss: 0.8492, Acc: 0.7823
2024-12-05 16:47:09,429 - INFO - * Epoch 31, Train loss: 0.1918, Acc: 0.9330, Val. loss: 0.8301, Acc: 0.7849
2024-12-05 17:46:33,053 - INFO - * Epoch 32, Train loss: 0.1886, Acc: 0.9334, Val. loss: 0.8521, Acc: 0.7792
2024-12-05 18:45:57,427 - INFO - * Epoch 33, Train loss: 0.1903, Acc: 0.9330, Val. loss: 0.8965, Acc: 0.7736
2024-12-05 19:45:25,269 - INFO - * Epoch 34, Train loss: 0.1887, Acc: 0.9328, Val. loss: 0.8244, Acc: 0.7832
2024-12-05 20:44:55,965 - INFO - * Epoch 35, Train loss: 0.1858, Acc: 0.9345, Val. loss: 0.8179, Acc: 0.7809
2024-12-05 21:44:26,869 - INFO - * Epoch 36, Train loss: 0.1868, Acc: 0.9345, Val. loss: 0.8234, Acc: 0.7835
2024-12-05 22:43:55,572 - INFO - * Epoch 37, Train loss: 0.1862, Acc: 0.9345, Val. loss: 0.8381, Acc: 0.7759
2024-12-05 23:43:23,348 - INFO - * Epoch 38, Train loss: 0.1858, Acc: 0.9344, Val. loss: 0.8095, Acc: 0.7888
2024-12-06 00:42:49,188 - INFO - * Epoch 39, Train loss: 0.1842, Acc: 0.9348, Val. loss: 0.8582, Acc: 0.7737
2024-12-06 01:42:14,461 - INFO - * Epoch 40, Train loss: 0.1853, Acc: 0.9347, Val. loss: 0.8432, Acc: 0.7785
2024-12-06 02:41:39,226 - INFO - * Epoch 41, Train loss: 0.1865, Acc: 0.9347, Val. loss: 0.8233, Acc: 0.7868
2024-12-06 03:41:07,890 - INFO - * Epoch 42, Train loss: 0.1862, Acc: 0.9346, Val. loss: 0.8225, Acc: 0.7858
2024-12-06 04:40:29,744 - INFO - * Epoch 43, Train loss: 0.1888, Acc: 0.9340, Val. loss: 0.8254, Acc: 0.7809
2024-12-06 05:39:57,506 - INFO - * Epoch 44, Train loss: 0.1892, Acc: 0.9337, Val. loss: 0.7959, Acc: 0.7884
2024-12-06 06:39:22,276 - INFO - * Epoch 45, Train loss: 0.1915, Acc: 0.9324, Val. loss: 0.7811, Acc: 0.7899
2024-12-06 06:39:22,276 - INFO -   saving best model with acc 0.7898893088552916 at 45 epoch!
2024-12-06 07:38:49,775 - INFO - * Epoch 46, Train loss: 0.1926, Acc: 0.9322, Val. loss: 0.7935, Acc: 0.7844
2024-12-06 08:38:18,401 - INFO - * Epoch 47, Train loss: 0.1942, Acc: 0.9322, Val. loss: 0.8219, Acc: 0.7744
2024-12-06 09:37:45,677 - INFO - * Epoch 48, Train loss: 0.1943, Acc: 0.9316, Val. loss: 0.8264, Acc: 0.7825
2024-12-06 10:37:12,105 - INFO - * Epoch 49, Train loss: 0.1988, Acc: 0.9313, Val. loss: 0.7839, Acc: 0.7862
2024-12-06 11:36:40,300 - INFO - * Epoch 50, Train loss: 0.1987, Acc: 0.9310, Val. loss: 0.7756, Acc: 0.7864
2024-12-06 12:36:06,238 - INFO - * Epoch 51, Train loss: 0.2038, Acc: 0.9287, Val. loss: 0.7713, Acc: 0.7883
2024-12-06 13:35:31,452 - INFO - * Epoch 52, Train loss: 0.2026, Acc: 0.9292, Val. loss: 0.7632, Acc: 0.7924
2024-12-06 13:35:31,452 - INFO -   saving best model with acc 0.7923596112568486 at 52 epoch!
2024-12-06 14:35:00,813 - INFO - * Epoch 53, Train loss: 0.2061, Acc: 0.9281, Val. loss: 0.7741, Acc: 0.7911
2024-12-06 15:34:31,291 - INFO - * Epoch 54, Train loss: 0.2085, Acc: 0.9272, Val. loss: 0.7515, Acc: 0.7923
2024-12-06 16:34:00,884 - INFO - * Epoch 55, Train loss: 0.2139, Acc: 0.9252, Val. loss: 0.7512, Acc: 0.7882
2024-12-06 17:33:29,296 - INFO - * Epoch 56, Train loss: 0.2140, Acc: 0.9255, Val. loss: 0.7685, Acc: 0.7862
2024-12-06 18:32:56,756 - INFO - * Epoch 57, Train loss: 0.2166, Acc: 0.9247, Val. loss: 0.7311, Acc: 0.7968
2024-12-06 18:32:56,756 - INFO -   saving best model with acc 0.7968142548853584 at 57 epoch!
2024-12-06 19:32:23,838 - INFO - * Epoch 58, Train loss: 0.2194, Acc: 0.9238, Val. loss: 0.7530, Acc: 0.7825
2024-12-06 20:31:53,992 - INFO - * Epoch 59, Train loss: 0.2228, Acc: 0.9221, Val. loss: 0.7235, Acc: 0.7989
2024-12-06 20:31:53,992 - INFO -   saving best model with acc 0.798866090712743 at 59 epoch!
2024-12-06 21:31:25,016 - INFO - * Epoch 60, Train loss: 0.2243, Acc: 0.9218, Val. loss: 0.7174, Acc: 0.7952
2024-12-06 22:30:55,155 - INFO - * Epoch 61, Train loss: 0.2241, Acc: 0.9224, Val. loss: 0.7081, Acc: 0.7994
2024-12-06 22:30:55,156 - INFO -   saving best model with acc 0.7994465443022051 at 61 epoch!
2024-12-06 23:30:25,479 - INFO - * Epoch 62, Train loss: 0.2262, Acc: 0.9208, Val. loss: 0.7079, Acc: 0.7982
2024-12-07 00:29:52,021 - INFO - * Epoch 63, Train loss: 0.2287, Acc: 0.9201, Val. loss: 0.6963, Acc: 0.8007
2024-12-07 00:29:52,021 - INFO -   saving best model with acc 0.8006614471099804 at 63 epoch!
2024-12-07 01:29:14,116 - INFO - * Epoch 64, Train loss: 0.2328, Acc: 0.9185, Val. loss: 0.7467, Acc: 0.7883
2024-12-07 02:28:39,017 - INFO - * Epoch 65, Train loss: 0.2358, Acc: 0.9175, Val. loss: 0.7091, Acc: 0.7918
2024-12-07 03:28:03,757 - INFO - * Epoch 66, Train loss: 0.2349, Acc: 0.9174, Val. loss: 0.6909, Acc: 0.8024
2024-12-07 03:28:03,757 - INFO -   saving best model with acc 0.8023758099352052 at 66 epoch!
2024-12-07 04:27:31,789 - INFO - * Epoch 67, Train loss: 0.2399, Acc: 0.9166, Val. loss: 0.6787, Acc: 0.8021
2024-12-07 05:27:01,507 - INFO - * Epoch 68, Train loss: 0.2402, Acc: 0.9167, Val. loss: 0.7255, Acc: 0.7967
2024-12-07 06:26:30,513 - INFO - * Epoch 69, Train loss: 0.2453, Acc: 0.9143, Val. loss: 0.6805, Acc: 0.8001
2024-12-07 07:26:01,781 - INFO - * Epoch 70, Train loss: 0.2497, Acc: 0.9128, Val. loss: 0.6547, Acc: 0.8074
2024-12-07 07:26:01,781 - INFO -   saving best model with acc 0.8073704103671706 at 70 epoch!
2024-12-07 08:25:31,690 - INFO - * Epoch 71, Train loss: 0.2443, Acc: 0.9152, Val. loss: 0.7365, Acc: 0.7827
2024-12-07 09:25:01,476 - INFO - * Epoch 72, Train loss: 0.2521, Acc: 0.9131, Val. loss: 0.6802, Acc: 0.8015
2024-12-07 10:24:31,754 - INFO - * Epoch 73, Train loss: 0.2475, Acc: 0.9130, Val. loss: 0.6971, Acc: 0.7925
2024-12-07 11:24:01,790 - INFO - * Epoch 74, Train loss: 0.2509, Acc: 0.9130, Val. loss: 0.6809, Acc: 0.7991
2024-12-07 12:23:30,579 - INFO - * Epoch 75, Train loss: 0.2517, Acc: 0.9126, Val. loss: 0.7050, Acc: 0.7932
2024-12-07 13:22:58,771 - INFO - * Epoch 76, Train loss: 0.2532, Acc: 0.9123, Val. loss: 0.6739, Acc: 0.8044
2024-12-07 14:22:26,945 - INFO - * Epoch 77, Train loss: 0.2572, Acc: 0.9101, Val. loss: 0.6542, Acc: 0.8078
2024-12-07 14:22:26,946 - INFO -   saving best model with acc 0.8078428725701944 at 77 epoch!
2024-12-07 15:21:55,003 - INFO - * Epoch 78, Train loss: 0.2569, Acc: 0.9110, Val. loss: 0.6648, Acc: 0.8045
2024-12-07 16:21:23,490 - INFO - * Epoch 79, Train loss: 0.2561, Acc: 0.9108, Val. loss: 0.6365, Acc: 0.8098
2024-12-07 16:21:23,491 - INFO -   saving best model with acc 0.8098002159827213 at 79 epoch!
2024-12-07 17:20:52,742 - INFO - * Epoch 80, Train loss: 0.2585, Acc: 0.9097, Val. loss: 0.6681, Acc: 0.7964
2024-12-07 18:20:21,156 - INFO - * Epoch 81, Train loss: 0.2581, Acc: 0.9110, Val. loss: 0.6572, Acc: 0.8014
2024-12-07 19:19:51,459 - INFO - * Epoch 82, Train loss: 0.2595, Acc: 0.9096, Val. loss: 0.6416, Acc: 0.8077
2024-12-07 20:19:22,774 - INFO - * Epoch 83, Train loss: 0.2611, Acc: 0.9091, Val. loss: 0.6417, Acc: 0.8101
2024-12-07 20:19:22,775 - INFO -   saving best model with acc 0.8101106911704555 at 83 epoch!
2024-12-07 21:18:50,393 - INFO - * Epoch 84, Train loss: 0.2625, Acc: 0.9088, Val. loss: 0.6418, Acc: 0.8068
2024-12-07 22:18:19,148 - INFO - * Epoch 85, Train loss: 0.2630, Acc: 0.9079, Val. loss: 0.6674, Acc: 0.7996
2024-12-07 23:17:46,888 - INFO - * Epoch 86, Train loss: 0.2617, Acc: 0.9098, Val. loss: 0.6499, Acc: 0.8069
2024-12-08 00:17:13,566 - INFO - * Epoch 87, Train loss: 0.2617, Acc: 0.9090, Val. loss: 0.6345, Acc: 0.8079
2024-12-08 01:16:41,767 - INFO - * Epoch 88, Train loss: 0.2647, Acc: 0.9079, Val. loss: 0.6383, Acc: 0.8066
2024-12-08 02:16:09,319 - INFO - * Epoch 89, Train loss: 0.2633, Acc: 0.9088, Val. loss: 0.6507, Acc: 0.8013
2024-12-08 03:15:33,607 - INFO - * Epoch 90, Train loss: 0.2636, Acc: 0.9084, Val. loss: 0.6517, Acc: 0.8075
2024-12-08 04:15:03,821 - INFO - * Epoch 91, Train loss: 0.2652, Acc: 0.9079, Val. loss: 0.6496, Acc: 0.8007
2024-12-08 05:14:35,003 - INFO - * Epoch 92, Train loss: 0.2683, Acc: 0.9068, Val. loss: 0.6211, Acc: 0.8145
2024-12-08 05:14:35,003 - INFO -   saving best model with acc 0.8144978401985333 at 92 epoch!
2024-12-08 06:14:03,591 - INFO - * Epoch 93, Train loss: 0.2702, Acc: 0.9057, Val. loss: 0.6067, Acc: 0.8128
2024-12-08 07:13:29,519 - INFO - * Epoch 94, Train loss: 0.2693, Acc: 0.9069, Val. loss: 0.6530, Acc: 0.8022
2024-12-08 08:12:53,770 - INFO - * Epoch 95, Train loss: 0.2697, Acc: 0.9061, Val. loss: 0.6420, Acc: 0.8037
2024-12-08 09:12:18,701 - INFO - * Epoch 96, Train loss: 0.2689, Acc: 0.9068, Val. loss: 0.6482, Acc: 0.8057
2024-12-08 10:11:47,001 - INFO - * Epoch 97, Train loss: 0.2712, Acc: 0.9060, Val. loss: 0.6162, Acc: 0.8067
2024-12-08 11:11:17,295 - INFO - * Epoch 98, Train loss: 0.2710, Acc: 0.9061, Val. loss: 0.6631, Acc: 0.8053
2024-12-08 12:10:46,693 - INFO - * Epoch 99, Train loss: 0.2723, Acc: 0.9053, Val. loss: 0.6470, Acc: 0.8044
2024-12-08 13:10:17,574 - INFO - * Epoch 100, Train loss: 0.2760, Acc: 0.9050, Val. loss: 0.6758, Acc: 0.7939
2024-12-08 14:09:43,955 - INFO - * Epoch 101, Train loss: 0.2726, Acc: 0.9063, Val. loss: 0.6255, Acc: 0.8098
2024-12-08 15:09:08,868 - INFO - * Epoch 102, Train loss: 0.2739, Acc: 0.9049, Val. loss: 0.6255, Acc: 0.8097
2024-12-08 16:08:35,623 - INFO - * Epoch 103, Train loss: 0.2775, Acc: 0.9039, Val. loss: 0.6214, Acc: 0.8125
2024-12-08 17:08:04,941 - INFO - * Epoch 104, Train loss: 0.2772, Acc: 0.9033, Val. loss: 0.6175, Acc: 0.8073
2024-12-08 18:07:37,245 - INFO - * Epoch 105, Train loss: 0.2813, Acc: 0.9025, Val. loss: 0.6006, Acc: 0.8115
2024-12-08 19:07:06,347 - INFO - * Epoch 106, Train loss: 0.2774, Acc: 0.9035, Val. loss: 0.6770, Acc: 0.7964
2024-12-08 20:06:36,926 - INFO - * Epoch 107, Train loss: 0.2800, Acc: 0.9027, Val. loss: 0.6182, Acc: 0.8068
2024-12-08 21:06:05,515 - INFO - * Epoch 108, Train loss: 0.2810, Acc: 0.9022, Val. loss: 0.6339, Acc: 0.8049
2024-12-08 22:05:30,006 - INFO - * Epoch 109, Train loss: 0.2821, Acc: 0.9021, Val. loss: 0.6104, Acc: 0.8155
2024-12-08 22:05:30,006 - INFO -   saving best model with acc 0.815496760265616 at 109 epoch!
2024-12-08 23:04:56,593 - INFO - * Epoch 110, Train loss: 0.2832, Acc: 0.9007, Val. loss: 0.6134, Acc: 0.8092
2024-12-09 00:04:27,563 - INFO - * Epoch 111, Train loss: 0.2820, Acc: 0.9017, Val. loss: 0.6584, Acc: 0.7998
2024-12-09 01:03:57,110 - INFO - * Epoch 112, Train loss: 0.2834, Acc: 0.9020, Val. loss: 0.6413, Acc: 0.8045
2024-12-09 02:03:27,720 - INFO - * Epoch 113, Train loss: 0.2854, Acc: 0.9007, Val. loss: 0.6038, Acc: 0.8116
2024-12-09 03:02:59,843 - INFO - * Epoch 114, Train loss: 0.2879, Acc: 0.9001, Val. loss: 0.6482, Acc: 0.7993
2024-12-09 04:02:30,344 - INFO - * Epoch 115, Train loss: 0.2870, Acc: 0.9006, Val. loss: 0.6598, Acc: 0.7946
2024-12-09 05:02:02,020 - INFO - * Epoch 116, Train loss: 0.2892, Acc: 0.8988, Val. loss: 0.6387, Acc: 0.8027
2024-12-09 06:01:31,198 - INFO - * Epoch 117, Train loss: 0.2891, Acc: 0.8994, Val. loss: 0.6023, Acc: 0.8147
2024-12-09 07:00:59,824 - INFO - * Epoch 118, Train loss: 0.2914, Acc: 0.8993, Val. loss: 0.6201, Acc: 0.8080
2024-12-09 08:00:31,092 - INFO - * Epoch 119, Train loss: 0.2909, Acc: 0.8994, Val. loss: 0.6307, Acc: 0.8038
2024-12-09 09:00:02,734 - INFO - * Epoch 120, Train loss: 0.2958, Acc: 0.8976, Val. loss: 0.5818, Acc: 0.8199
2024-12-09 09:00:02,735 - INFO -   saving best model with acc 0.8199244060475162 at 120 epoch!
2024-12-09 09:59:32,160 - INFO - * Epoch 121, Train loss: 0.2931, Acc: 0.8988, Val. loss: 0.5716, Acc: 0.8199
2024-12-09 09:59:32,161 - INFO -   saving best model with acc 0.8199379050190969 at 121 epoch!
2024-12-09 10:59:04,242 - INFO - * Epoch 122, Train loss: 0.2932, Acc: 0.8986, Val. loss: 0.6102, Acc: 0.8113
2024-12-09 11:58:34,293 - INFO - * Epoch 123, Train loss: 0.2927, Acc: 0.8981, Val. loss: 0.6140, Acc: 0.8107
2024-12-09 12:58:06,318 - INFO - * Epoch 124, Train loss: 0.2974, Acc: 0.8960, Val. loss: 0.5924, Acc: 0.8117
2024-12-09 13:57:38,711 - INFO - * Epoch 125, Train loss: 0.2993, Acc: 0.8958, Val. loss: 0.6055, Acc: 0.8028
2024-12-09 14:57:07,346 - INFO - * Epoch 126, Train loss: 0.2975, Acc: 0.8964, Val. loss: 0.6237, Acc: 0.8033
2024-12-09 15:56:38,701 - INFO - * Epoch 127, Train loss: 0.2999, Acc: 0.8953, Val. loss: 0.6089, Acc: 0.8118
2024-12-09 16:56:08,190 - INFO - * Epoch 128, Train loss: 0.3012, Acc: 0.8961, Val. loss: 0.5719, Acc: 0.8181
2024-12-09 17:55:37,227 - INFO - * Epoch 129, Train loss: 0.3002, Acc: 0.8956, Val. loss: 0.6082, Acc: 0.8106
2024-12-09 18:55:04,755 - INFO - * Epoch 130, Train loss: 0.3052, Acc: 0.8944, Val. loss: 0.6163, Acc: 0.8038
2024-12-09 19:54:35,950 - INFO - * Epoch 131, Train loss: 0.3042, Acc: 0.8950, Val. loss: 0.6097, Acc: 0.8088
2024-12-09 20:54:00,350 - INFO - * Epoch 132, Train loss: 0.3039, Acc: 0.8954, Val. loss: 0.5926, Acc: 0.8113
2024-12-09 21:53:30,902 - INFO - * Epoch 133, Train loss: 0.3067, Acc: 0.8936, Val. loss: 0.5874, Acc: 0.8151
2024-12-09 22:52:59,389 - INFO - * Epoch 134, Train loss: 0.3064, Acc: 0.8932, Val. loss: 0.5932, Acc: 0.8142
2024-12-09 23:52:24,999 - INFO - * Epoch 135, Train loss: 0.3077, Acc: 0.8936, Val. loss: 0.5565, Acc: 0.8194
2024-12-10 00:51:52,639 - INFO - * Epoch 136, Train loss: 0.3050, Acc: 0.8942, Val. loss: 0.5950, Acc: 0.8151
2024-12-10 01:51:17,786 - INFO - * Epoch 137, Train loss: 0.3102, Acc: 0.8918, Val. loss: 0.6135, Acc: 0.8064
2024-12-10 02:50:46,736 - INFO - * Epoch 138, Train loss: 0.3137, Acc: 0.8908, Val. loss: 0.5735, Acc: 0.8172
2024-12-10 03:50:17,275 - INFO - * Epoch 139, Train loss: 0.3146, Acc: 0.8902, Val. loss: 0.5663, Acc: 0.8183
2024-12-10 04:49:47,156 - INFO - * Epoch 140, Train loss: 0.3141, Acc: 0.8914, Val. loss: 0.5984, Acc: 0.8139
2024-12-10 05:49:16,110 - INFO - * Epoch 141, Train loss: 0.3167, Acc: 0.8905, Val. loss: 0.5887, Acc: 0.8079
2024-12-10 06:48:45,231 - INFO - * Epoch 142, Train loss: 0.3165, Acc: 0.8903, Val. loss: 0.6013, Acc: 0.8100
2024-12-10 07:48:16,520 - INFO - * Epoch 143, Train loss: 0.3179, Acc: 0.8901, Val. loss: 0.5532, Acc: 0.8208
2024-12-10 07:48:16,521 - INFO -   saving best model with acc 0.8208423326391381 at 143 epoch!
2024-12-10 08:47:42,268 - INFO - * Epoch 144, Train loss: 0.3201, Acc: 0.8901, Val. loss: 0.5894, Acc: 0.8090
2024-12-10 09:47:09,189 - INFO - * Epoch 145, Train loss: 0.3197, Acc: 0.8901, Val. loss: 0.5720, Acc: 0.8166
2024-12-10 10:46:38,315 - INFO - * Epoch 146, Train loss: 0.3243, Acc: 0.8875, Val. loss: 0.5466, Acc: 0.8218
2024-12-10 10:46:38,315 - INFO -   saving best model with acc 0.8218277538311919 at 146 epoch!
2024-12-10 11:46:10,444 - INFO - * Epoch 147, Train loss: 0.3243, Acc: 0.8873, Val. loss: 0.5563, Acc: 0.8217
2024-12-10 12:45:41,504 - INFO - * Epoch 148, Train loss: 0.3272, Acc: 0.8871, Val. loss: 0.5578, Acc: 0.8231
2024-12-10 12:45:41,504 - INFO -   saving best model with acc 0.8230966522678186 at 148 epoch!
2024-12-10 13:45:09,198 - INFO - * Epoch 149, Train loss: 0.3242, Acc: 0.8877, Val. loss: 0.5804, Acc: 0.8222
2024-12-10 14:44:37,356 - INFO - * Epoch 150, Train loss: 0.3289, Acc: 0.8864, Val. loss: 0.5921, Acc: 0.8101
2024-12-10 15:44:04,393 - INFO - * Epoch 151, Train loss: 0.3272, Acc: 0.8863, Val. loss: 0.5491, Acc: 0.8238
2024-12-10 15:44:04,393 - INFO -   saving best model with acc 0.8237715982721382 at 151 epoch!
2024-12-10 16:43:36,080 - INFO - * Epoch 152, Train loss: 0.3330, Acc: 0.8855, Val. loss: 0.5818, Acc: 0.8138
2024-12-10 17:43:04,450 - INFO - * Epoch 153, Train loss: 0.3342, Acc: 0.8840, Val. loss: 0.5600, Acc: 0.8227
2024-12-10 18:42:31,338 - INFO - * Epoch 154, Train loss: 0.3305, Acc: 0.8856, Val. loss: 0.6314, Acc: 0.8053
2024-12-10 19:41:57,128 - INFO - * Epoch 155, Train loss: 0.3341, Acc: 0.8842, Val. loss: 0.5495, Acc: 0.8225
2024-12-10 20:41:26,587 - INFO - * Epoch 156, Train loss: 0.3298, Acc: 0.8862, Val. loss: 0.5586, Acc: 0.8184
2024-12-10 21:40:54,918 - INFO - * Epoch 157, Train loss: 0.3322, Acc: 0.8852, Val. loss: 0.5317, Acc: 0.8300
2024-12-10 21:40:54,918 - INFO -   saving best model with acc 0.8299541036974534 at 157 epoch!
2024-12-10 22:40:16,892 - INFO - * Epoch 158, Train loss: 0.3282, Acc: 0.8868, Val. loss: 0.5793, Acc: 0.8119
2024-12-10 23:39:47,678 - INFO - * Epoch 159, Train loss: 0.3272, Acc: 0.8872, Val. loss: 0.5574, Acc: 0.8191
2024-12-11 00:39:17,228 - INFO - * Epoch 160, Train loss: 0.3216, Acc: 0.8897, Val. loss: 0.5510, Acc: 0.8229
2024-12-11 01:38:46,578 - INFO - * Epoch 161, Train loss: 0.3230, Acc: 0.8878, Val. loss: 0.5423, Acc: 0.8231
2024-12-11 02:38:15,885 - INFO - * Epoch 162, Train loss: 0.3198, Acc: 0.8890, Val. loss: 0.5437, Acc: 0.8246
2024-12-11 03:37:41,851 - INFO - * Epoch 163, Train loss: 0.3204, Acc: 0.8893, Val. loss: 0.5566, Acc: 0.8220
2024-12-11 04:37:06,520 - INFO - * Epoch 164, Train loss: 0.3146, Acc: 0.8914, Val. loss: 0.5671, Acc: 0.8147
2024-12-11 05:36:35,092 - INFO - * Epoch 165, Train loss: 0.3150, Acc: 0.8902, Val. loss: 0.5267, Acc: 0.8313
2024-12-11 05:36:35,093 - INFO -   saving best model with acc 0.8312634989200864 at 165 epoch!
2024-12-11 06:36:01,673 - INFO - * Epoch 166, Train loss: 0.3137, Acc: 0.8921, Val. loss: 0.5329, Acc: 0.8263
2024-12-11 07:35:23,882 - INFO - * Epoch 167, Train loss: 0.3115, Acc: 0.8909, Val. loss: 0.5591, Acc: 0.8184
2024-12-11 08:34:46,821 - INFO - * Epoch 168, Train loss: 0.3105, Acc: 0.8921, Val. loss: 0.5325, Acc: 0.8293
2024-12-11 09:34:07,034 - INFO - * Epoch 169, Train loss: 0.3080, Acc: 0.8931, Val. loss: 0.5422, Acc: 0.8262
2024-12-11 10:33:32,370 - INFO - * Epoch 170, Train loss: 0.3090, Acc: 0.8925, Val. loss: 0.5502, Acc: 0.8263
2024-12-11 11:32:55,386 - INFO - * Epoch 171, Train loss: 0.3072, Acc: 0.8938, Val. loss: 0.5852, Acc: 0.8153
2024-12-11 12:32:24,448 - INFO - * Epoch 172, Train loss: 0.3046, Acc: 0.8945, Val. loss: 0.5669, Acc: 0.8258
2024-12-11 13:31:50,494 - INFO - * Epoch 173, Train loss: 0.3030, Acc: 0.8946, Val. loss: 0.5609, Acc: 0.8177
2024-12-11 14:31:20,670 - INFO - * Epoch 174, Train loss: 0.3029, Acc: 0.8947, Val. loss: 0.5481, Acc: 0.8280
2024-12-11 15:30:46,752 - INFO - * Epoch 175, Train loss: 0.2983, Acc: 0.8954, Val. loss: 0.5361, Acc: 0.8287
2024-12-11 16:30:15,417 - INFO - * Epoch 176, Train loss: 0.2984, Acc: 0.8963, Val. loss: 0.5607, Acc: 0.8238
2024-12-11 17:29:43,888 - INFO - * Epoch 177, Train loss: 0.2988, Acc: 0.8963, Val. loss: 0.5534, Acc: 0.8235
2024-12-11 18:29:14,005 - INFO - * Epoch 178, Train loss: 0.2931, Acc: 0.8982, Val. loss: 0.6072, Acc: 0.8090
2024-12-11 19:28:35,323 - INFO - * Epoch 179, Train loss: 0.2922, Acc: 0.8981, Val. loss: 0.5758, Acc: 0.8151
2024-12-11 20:27:59,476 - INFO - * Epoch 180, Train loss: 0.2929, Acc: 0.8987, Val. loss: 0.5651, Acc: 0.8227
2024-12-11 21:27:25,307 - INFO - * Epoch 181, Train loss: 0.2924, Acc: 0.8992, Val. loss: 0.5553, Acc: 0.8242
2024-12-11 22:26:54,060 - INFO - * Epoch 182, Train loss: 0.2877, Acc: 0.8997, Val. loss: 0.5755, Acc: 0.8185
2024-12-11 23:26:23,231 - INFO - * Epoch 183, Train loss: 0.2880, Acc: 0.8999, Val. loss: 0.5728, Acc: 0.8211
2024-12-12 00:25:47,701 - INFO - * Epoch 184, Train loss: 0.2834, Acc: 0.9021, Val. loss: 0.6096, Acc: 0.8092
2024-12-12 01:25:14,435 - INFO - * Epoch 185, Train loss: 0.2848, Acc: 0.9013, Val. loss: 0.5694, Acc: 0.8247
2024-12-12 02:24:43,593 - INFO - * Epoch 186, Train loss: 0.2838, Acc: 0.9019, Val. loss: 0.5517, Acc: 0.8282
2024-12-12 03:24:13,266 - INFO - * Epoch 187, Train loss: 0.2820, Acc: 0.9016, Val. loss: 0.5795, Acc: 0.8210
2024-12-12 04:23:44,578 - INFO - * Epoch 188, Train loss: 0.2814, Acc: 0.9024, Val. loss: 0.5700, Acc: 0.8233
2024-12-12 05:23:12,557 - INFO - * Epoch 189, Train loss: 0.2776, Acc: 0.9031, Val. loss: 0.5720, Acc: 0.8183
2024-12-12 06:22:40,917 - INFO - * Epoch 190, Train loss: 0.2772, Acc: 0.9047, Val. loss: 0.5544, Acc: 0.8273
2024-12-12 07:22:15,764 - INFO - * Epoch 191, Train loss: 0.2759, Acc: 0.9045, Val. loss: 0.5368, Acc: 0.8317
2024-12-12 07:22:15,764 - INFO -   saving best model with acc 0.8316684665226782 at 191 epoch!
2024-12-12 08:21:48,893 - INFO - * Epoch 192, Train loss: 0.2742, Acc: 0.9052, Val. loss: 0.5817, Acc: 0.8199
2024-12-12 09:21:22,783 - INFO - * Epoch 193, Train loss: 0.2754, Acc: 0.9044, Val. loss: 0.5634, Acc: 0.8224
2024-12-12 10:20:55,606 - INFO - * Epoch 194, Train loss: 0.2700, Acc: 0.9058, Val. loss: 0.5651, Acc: 0.8212
2024-12-12 11:20:22,207 - INFO - * Epoch 195, Train loss: 0.2711, Acc: 0.9061, Val. loss: 0.5385, Acc: 0.8266
2024-12-12 12:19:52,774 - INFO - * Epoch 196, Train loss: 0.2656, Acc: 0.9071, Val. loss: 0.6104, Acc: 0.8105
2024-12-12 13:19:25,506 - INFO - * Epoch 197, Train loss: 0.2671, Acc: 0.9064, Val. loss: 0.5537, Acc: 0.8284
2024-12-12 14:18:55,060 - INFO - * Epoch 198, Train loss: 0.2656, Acc: 0.9074, Val. loss: 0.5853, Acc: 0.8211
2024-12-12 15:18:25,565 - INFO - * Epoch 199, Train loss: 0.2626, Acc: 0.9086, Val. loss: 0.5839, Acc: 0.8225
2024-12-12 16:17:51,522 - INFO - * Epoch 200, Train loss: 0.2605, Acc: 0.9098, Val. loss: 0.6189, Acc: 0.8151
2024-12-12 17:17:18,370 - INFO - * Epoch 201, Train loss: 0.2600, Acc: 0.9094, Val. loss: 0.5546, Acc: 0.8312
2024-12-12 18:16:51,080 - INFO - * Epoch 202, Train loss: 0.2565, Acc: 0.9098, Val. loss: 0.5870, Acc: 0.8199
2024-12-12 19:16:20,686 - INFO - * Epoch 203, Train loss: 0.2566, Acc: 0.9108, Val. loss: 0.6019, Acc: 0.8208
2024-12-12 20:15:53,105 - INFO - * Epoch 204, Train loss: 0.2549, Acc: 0.9117, Val. loss: 0.5787, Acc: 0.8200
2024-12-12 21:15:21,753 - INFO - * Epoch 205, Train loss: 0.2536, Acc: 0.9107, Val. loss: 0.5709, Acc: 0.8235
2024-12-12 22:14:55,737 - INFO - * Epoch 206, Train loss: 0.2529, Acc: 0.9115, Val. loss: 0.6191, Acc: 0.8142
2024-12-12 23:14:24,207 - INFO - * Epoch 207, Train loss: 0.2494, Acc: 0.9128, Val. loss: 0.5703, Acc: 0.8260
2024-12-13 00:13:54,400 - INFO - * Epoch 208, Train loss: 0.2456, Acc: 0.9155, Val. loss: 0.5852, Acc: 0.8259
2024-12-13 01:13:23,364 - INFO - * Epoch 209, Train loss: 0.2464, Acc: 0.9138, Val. loss: 0.5866, Acc: 0.8202
2024-12-13 02:12:48,343 - INFO - * Epoch 210, Train loss: 0.2471, Acc: 0.9146, Val. loss: 0.5651, Acc: 0.8293
2024-12-13 03:12:19,922 - INFO - * Epoch 211, Train loss: 0.2436, Acc: 0.9155, Val. loss: 0.5633, Acc: 0.8340
2024-12-13 03:12:19,922 - INFO -   saving best model with acc 0.833963282937365 at 211 epoch!
2024-12-13 04:11:49,443 - INFO - * Epoch 212, Train loss: 0.2441, Acc: 0.9150, Val. loss: 0.5940, Acc: 0.8178
2024-12-13 05:11:18,831 - INFO - * Epoch 213, Train loss: 0.2410, Acc: 0.9158, Val. loss: 0.5479, Acc: 0.8356
2024-12-13 05:11:18,832 - INFO -   saving best model with acc 0.8355561555333065 at 213 epoch!
2024-12-13 06:10:49,778 - INFO - * Epoch 214, Train loss: 0.2410, Acc: 0.9163, Val. loss: 0.5467, Acc: 0.8303
2024-12-13 07:10:17,120 - INFO - * Epoch 215, Train loss: 0.2398, Acc: 0.9168, Val. loss: 0.5567, Acc: 0.8293
2024-12-13 08:09:44,135 - INFO - * Epoch 216, Train loss: 0.2369, Acc: 0.9181, Val. loss: 0.5833, Acc: 0.8303
2024-12-13 09:09:07,984 - INFO - * Epoch 217, Train loss: 0.2363, Acc: 0.9175, Val. loss: 0.6053, Acc: 0.8226
